<?xml version="1.0" encoding="UTF-8"?>
<!-- Generated by org.testng.reporters.JUnitReportReporter -->
<testsuite skipped="0" hostname="X03163" name="runner.TestRunner" tests="2" failures="0" timestamp="20 Feb 2020 06:22:58 GMT" time="38.831" errors="0">
  <testcase name="runScenario" time="17.400" classname="runner.TestRunner"/>
  <testcase name="runScenario" time="21.431" classname="runner.TestRunner"/>
</testsuite> <!-- runner.TestRunner -->
