<?xml version="1.0" encoding="UTF-8"?>
<!-- Generated by org.testng.reporters.JUnitReportReporter -->
<testsuite skipped="0" hostname="X03163" name="runner.TestRunner" tests="2" failures="0" timestamp="19 Feb 2020 21:50:26 GMT" time="17.290" errors="0">
  <testcase name="runScenario" time="6.813" classname="runner.TestRunner"/>
  <testcase name="runScenario" time="10.477" classname="runner.TestRunner"/>
</testsuite> <!-- runner.TestRunner -->
